<?xml version="1.0" encoding="UTF-8"?>
<!-- Generated by org.testng.reporters.JUnitXMLReporter -->
<testsuite ignored="5" hostname="DESKTOP-AGKAS5L" failures="0" tests="1" name="Default test" time="0.104" errors="0" timestamp="2021-06-20T14:36:50 IST">
  <testcase classname="pom.ngtestclasses.AmazontestNg" name="@BeforeTest launchBrowser" time="-1.624180009644E9">
    <failure type="org.testng.TestNGException" message="
Parameter &amp;apos;browser&amp;apos; is required by BeforeTest on method launchBrowser but has not been marked @Optional or defined
in C:\Users\Tushar\AppData\Local\Temp\testng-eclipse--966529485\testng-customsuite.xml">
      <![CDATA[org.testng.TestNGException: 
Parameter 'browser' is required by BeforeTest on method launchBrowser but has not been marked @Optional or defined
in C:\Users\Tushar\AppData\Local\Temp\testng-eclipse--966529485\testng-customsuite.xml
at org.testng.internal.Parameters.createParams(Parameters.java:272)
at org.testng.internal.Parameters.createParametersForMethod(Parameters.java:360)
at org.testng.internal.Parameters.createParameters(Parameters.java:704)
at org.testng.internal.Parameters.createConfigurationParameters(Parameters.java:166)
at org.testng.internal.ConfigInvoker.invokeConfigurations(ConfigInvoker.java:283)
at org.testng.TestRunner.invokeTestConfigurations(TestRunner.java:619)
at org.testng.TestRunner.beforeRun(TestRunner.java:609)
at org.testng.TestRunner.run(TestRunner.java:580)
at org.testng.SuiteRunner.runTest(SuiteRunner.java:384)
at org.testng.SuiteRunner.runSequentially(SuiteRunner.java:378)
at org.testng.SuiteRunner.privateRun(SuiteRunner.java:337)
at org.testng.SuiteRunner.run(SuiteRunner.java:286)
at org.testng.SuiteRunnerWorker.runSuite(SuiteRunnerWorker.java:53)
at org.testng.SuiteRunnerWorker.run(SuiteRunnerWorker.java:96)
at org.testng.TestNG.runSuitesSequentially(TestNG.java:1187)
at org.testng.TestNG.runSuitesLocally(TestNG.java:1109)
at org.testng.TestNG.runSuites(TestNG.java:1039)
at org.testng.TestNG.run(TestNG.java:1007)
at org.testng.remote.AbstractRemoteTestNG.run(AbstractRemoteTestNG.java:115)
at org.testng.remote.RemoteTestNG.initAndRun(RemoteTestNG.java:251)
at org.testng.remote.RemoteTestNG.main(RemoteTestNG.java:77)
]]>
    </failure>
  </testcase> <!-- @BeforeTest launchBrowser -->
  <testcase classname="pom.ngtestclasses.AmazontestNg" name="@BeforeMethod beforeMethod" time="-1.624180009721E9">
    <skipped/>
  </testcase> <!-- @BeforeMethod beforeMethod -->
  <testcase classname="pom.ngtestclasses.AmazontestNg" name="@AfterMethod logoutAccount" time="-1.624180009734E9">
    <skipped/>
  </testcase> <!-- @AfterMethod logoutAccount -->
  <testcase classname="pom.ngtestclasses.AmazontestNg" name="@AfterClass afterClass" time="-1.624180009737E9">
    <skipped/>
  </testcase> <!-- @AfterClass afterClass -->
  <testcase classname="pom.ngtestclasses.AmazontestNg" name="mobileRecharge" time="0.0">
    <skipped/>
  </testcase> <!-- mobileRecharge -->
  <testcase classname="pom.ngtestclasses.AmazontestNg" name="insurancePremium" time="0.0">
    <ignored/>
  </testcase> <!-- insurancePremium -->
  <testcase classname="pom.ngtestclasses.AmazontestNg" name="pipedGas" time="0.0">
    <ignored/>
  </testcase> <!-- pipedGas -->
  <testcase classname="pom.ngtestclasses.AmazontestNg" name="dthRechargeClick" time="0.0">
    <ignored/>
  </testcase> <!-- dthRechargeClick -->
  <testcase classname="pom.ngtestclasses.AmazontestNg" name="electricityClick" time="0.0">
    <ignored/>
  </testcase> <!-- electricityClick -->
  <testcase classname="pom.ngtestclasses.AmazontestNg" name="mobilePostpaid" time="0.0">
    <ignored/>
  </testcase> <!-- mobilePostpaid -->
</testsuite> <!-- Default test -->
