<?xml version="1.0" encoding="UTF-8"?>
<!-- Generated by org.testng.reporters.JUnitReportReporter -->
<testsuite hostname="DESKTOP-AGKAS5L" failures="0" tests="7" name="pom.ngtestclasses.AmazontestNg" time="-1624179968.000" errors="1" timestamp="2021-06-20T14:36:50 IST" skipped="6">
  <testcase classname="pom.ngtestclasses.AmazontestNg" name="mobileRecharge" time="0.000">
    <skipped/>
  </testcase> <!-- mobileRecharge -->
  <system-out/>
  <testcase classname="pom.ngtestclasses.AmazontestNg" name="launchBrowser" time="-1624179968.000">
    <error message="
Parameter &#039;browser&#039; is required by BeforeTest on method launchBrowser but has not been marked @Optional or defined
in C:\Users\Tushar\AppData\Local\Temp\testng-eclipse--966529485\testng-customsuite.xml" type="org.testng.TestNGException">
      <![CDATA[org.testng.TestNGException: 
Parameter 'browser' is required by BeforeTest on method launchBrowser but has not been marked @Optional or defined
in C:\Users\Tushar\AppData\Local\Temp\testng-eclipse--966529485\testng-customsuite.xml
at org.testng.internal.Parameters.createParams(Parameters.java:272)
at org.testng.internal.Parameters.createParametersForMethod(Parameters.java:360)
at org.testng.internal.Parameters.createParameters(Parameters.java:704)
at org.testng.internal.Parameters.createConfigurationParameters(Parameters.java:166)
at org.testng.internal.ConfigInvoker.invokeConfigurations(ConfigInvoker.java:283)
at org.testng.TestRunner.invokeTestConfigurations(TestRunner.java:619)
at org.testng.TestRunner.beforeRun(TestRunner.java:609)
at org.testng.TestRunner.run(TestRunner.java:580)
at org.testng.SuiteRunner.runTest(SuiteRunner.java:384)
at org.testng.SuiteRunner.runSequentially(SuiteRunner.java:378)
at org.testng.SuiteRunner.privateRun(SuiteRunner.java:337)
at org.testng.SuiteRunner.run(SuiteRunner.java:286)
at org.testng.SuiteRunnerWorker.runSuite(SuiteRunnerWorker.java:53)
at org.testng.SuiteRunnerWorker.run(SuiteRunnerWorker.java:96)
at org.testng.TestNG.runSuitesSequentially(TestNG.java:1187)
at org.testng.TestNG.runSuitesLocally(TestNG.java:1109)
at org.testng.TestNG.runSuites(TestNG.java:1039)
at org.testng.TestNG.run(TestNG.java:1007)
at org.testng.remote.AbstractRemoteTestNG.run(AbstractRemoteTestNG.java:115)
at org.testng.remote.RemoteTestNG.initAndRun(RemoteTestNG.java:251)
at org.testng.remote.RemoteTestNG.main(RemoteTestNG.java:77)
]]>
    </error>
  </testcase> <!-- launchBrowser -->
  <system-out/>
  <testcase classname="pom.ngtestclasses.AmazontestNg" name="insurancePremium">
    <skipped/>
  </testcase> <!-- insurancePremium -->
  <system-out/>
  <testcase classname="pom.ngtestclasses.AmazontestNg" name="pipedGas">
    <skipped/>
  </testcase> <!-- pipedGas -->
  <system-out/>
  <testcase classname="pom.ngtestclasses.AmazontestNg" name="dthRechargeClick">
    <skipped/>
  </testcase> <!-- dthRechargeClick -->
  <system-out/>
  <testcase classname="pom.ngtestclasses.AmazontestNg" name="electricityClick">
    <skipped/>
  </testcase> <!-- electricityClick -->
  <system-out/>
  <testcase classname="pom.ngtestclasses.AmazontestNg" name="mobilePostpaid">
    <skipped/>
  </testcase> <!-- mobilePostpaid -->
  <system-out/>
</testsuite> <!-- pom.ngtestclasses.AmazontestNg -->
